INFO: [VRFC 10-2263] Analyzing SystemVerilog file "F:/Ready_Modules/stepmotor.sv" into library xil_defaultlib
INFO: [VRFC 10-311] analyzing module stepmotor
INFO: [VRFC 10-2263] Analyzing SystemVerilog file "F:/Ready_Modules/steppermotor_wrapper.sv" into library xil_defaultlib
INFO: [VRFC 10-311] analyzing module steppermotor_wrapper
INFO: [VRFC 10-2263] Analyzing SystemVerilog file "F:/GameOfCodesProject/GameOfCodes/GameOfCodes.srcs/sources_1/new/ShiftOrder.sv" into library xil_defaultlib
INFO: [VRFC 10-311] analyzing module ShiftOrder
INFO: [VRFC 10-2263] Analyzing SystemVerilog file "F:/Ready_Modules/SevSeg_4digit.sv" into library xil_defaultlib
INFO: [VRFC 10-311] analyzing module SevSeg_4digit
INFO: [VRFC 10-2263] Analyzing SystemVerilog file "F:/GameOfCodesProject/GameOfCodes/GameOfCodes.srcs/sources_1/new/ScoreCounter.sv" into library xil_defaultlib
INFO: [VRFC 10-311] analyzing module ScoreCounter
INFO: [VRFC 10-2263] Analyzing SystemVerilog file "F:/GameOfCodesProject/GameOfCodes/GameOfCodes.srcs/sources_1/new/MappingTableKeyRegister.sv" into library xil_defaultlib
INFO: [VRFC 10-311] analyzing module MappingTableKeyRegister
INFO: [VRFC 10-2263] Analyzing SystemVerilog file "F:/Ready_Modules/keypad4X4.sv" into library xil_defaultlib
INFO: [VRFC 10-311] analyzing module keypad4X4
INFO: [VRFC 10-2263] Analyzing SystemVerilog file "F:/GameOfCodesProject/GameOfCodes/GameOfCodes.srcs/sources_1/new/KeyInputCodeComparator.sv" into library xil_defaultlib
INFO: [VRFC 10-311] analyzing module KeyInputCodeComparator
INFO: [VRFC 10-2263] Analyzing SystemVerilog file "F:/GameOfCodesProject/GameOfCodes/GameOfCodes.srcs/sources_1/new/GameState.sv" into library xil_defaultlib
INFO: [VRFC 10-311] analyzing module GameState
INFO: [VRFC 10-2263] Analyzing SystemVerilog file "F:/GameOfCodesProject/GameOfCodes/GameOfCodes.srcs/sources_1/new/RandomGenerator.sv" into library xil_defaultlib
INFO: [VRFC 10-311] analyzing module RandomGenerator
INFO: [VRFC 10-2263] Analyzing SystemVerilog file "F:/GameOfCodesProject/GameOfCodes/GameOfCodes.srcs/sources_1/new/GameOfCodes.sv" into library xil_defaultlib
INFO: [VRFC 10-311] analyzing module GameOfCodes
WARNING: [VRFC 10-1315] redeclaration of ansi port key_value is not allowed [F:/GameOfCodesProject/GameOfCodes/GameOfCodes.srcs/sources_1/new/GameOfCodes.sv:8]
INFO: [VRFC 10-2263] Analyzing Verilog file "F:/GameOfCodesProject/GameOfCodes/GameOfCodes.sim/sim_1/behav/glbl.v" into library xil_defaultlib
INFO: [VRFC 10-311] analyzing module glbl
