Vivado Simulator 2015.2
Copyright 1986-1999, 2001-2015 Xilinx, Inc. All Rights Reserved.
Running: C:/Xilinx/Vivado/2015.2/bin/unwrapped/win64.o/xelab.exe -wto b56c505882514725a1665bd1baa3906b --debug typical --relax --mt 2 -L xil_defaultlib -L unisims_ver -L unimacro_ver -L secureip --snapshot GameOfCodes_behav xil_defaultlib.GameOfCodes xil_defaultlib.glbl -log elaborate.log 
Using 2 slave threads.
Starting static elaboration
WARNING: [VRFC 10-278] actual bit length 1 differs from formal bit length 4 for port O [F:/Ready_Modules/keypad4X4.sv:523]
WARNING: [VRFC 10-278] actual bit length 3 differs from formal bit length 4 for port CO [F:/Ready_Modules/steppermotor_wrapper.sv:595]
WARNING: [VRFC 10-278] actual bit length 2 differs from formal bit length 4 for port CO [F:/Ready_Modules/steppermotor_wrapper.sv:614]
WARNING: [VRFC 10-278] actual bit length 2 differs from formal bit length 4 for port CO [F:/Ready_Modules/steppermotor_wrapper.sv:620]
WARNING: [VRFC 10-278] actual bit length 3 differs from formal bit length 4 for port CO [F:/Ready_Modules/stepmotor.sv:308]
WARNING: [VRFC 10-278] actual bit length 3 differs from formal bit length 4 for port CO [F:/Ready_Modules/stepmotor.sv:390]
WARNING: [VRFC 10-278] actual bit length 1 differs from formal bit length 4 for port CO [F:/Ready_Modules/SevSeg_4digit.sv:314]
WARNING: [VRFC 10-278] actual bit length 2 differs from formal bit length 4 for port O [F:/Ready_Modules/SevSeg_4digit.sv:317]
WARNING: [VRFC 10-278] actual bit length 1 differs from formal bit length 4 for port in3 [F:/GameOfCodesProject/GameOfCodes/GameOfCodes.srcs/sources_1/new/GameOfCodes.sv:34]
Completed static elaboration
Starting simulation data flow analysis
Completed simulation data flow analysis
Time Resolution for simulation is 1ps
Compiling module xil_defaultlib.GameState
Compiling module xil_defaultlib.RandomGenerator
Compiling module unisims_ver.LUT4
Compiling module unisims_ver.x_lut2_mux4
Compiling module unisims_ver.LUT2
Compiling module unisims_ver.sffsrce_fdre
Compiling module unisims_ver.FDRE(INIT=1'b1)
Compiling module unisims_ver.FDRE
Compiling module unisims_ver.GND
Compiling module unisims_ver.VCC
Compiling module unisims_ver.x_lut3_mux4
Compiling module unisims_ver.x_lut3_mux4_reduced_0
Compiling module unisims_ver.LUT3
Compiling module unisims_ver.LUT6
Compiling module unisims_ver.LUT5
Compiling module unisims_ver.x_lut1_mux2
Compiling module unisims_ver.LUT1
Compiling module unisims_ver.CARRY4
Compiling module xil_defaultlib.keypad4X4
Compiling module xil_defaultlib.ShiftOrder
Compiling module xil_defaultlib.MappingTableKeyRegister
Compiling module xil_defaultlib.KeyInputCodeComparator
Compiling module xil_defaultlib.ScoreCounter
Compiling module xil_defaultlib.stepmotor
Compiling module xil_defaultlib.steppermotor_wrapper
Compiling module xil_defaultlib.SevSeg_4digit
Compiling module xil_defaultlib.GameOfCodes
Compiling module xil_defaultlib.glbl
Waiting for 2 sub-compilation(s) to finish...
Built simulation snapshot GameOfCodes_behav
